"C:/Users/5fregl82/OneDrive - Solent University/Desktop/CherryTreeGames/Content/group2/EA_assets/Displaycase_1/Display1_EG_1_OcclusionRoughnessMetallic.uasset" 0
"C:/Users/5fregl82/OneDrive - Solent University/Desktop/CherryTreeGames/Content/group2/EA_assets/Displaycase_1/Display1_EG_1_OcclusionRoughnessMetallic.uexp" 1
"C:/Users/5fregl82/OneDrive - Solent University/Desktop/CherryTreeGames/Content/group2/EA_assets/Displaycase_1/Display1_EG_1_OcclusionRoughnessMetallic.ubulk" 2
"C:/Users/5fregl82/OneDrive - Solent University/Desktop/CherryTreeGames/Content/group2/EA_assets/Displaycase_1/Display1_EG_1_Normal.uasset" 3
"C:/Users/5fregl82/OneDrive - Solent University/Desktop/CherryTreeGames/Content/group2/EA_assets/Displaycase_1/Display1_EG_1_Normal.uexp" 4
"C:/Users/5fregl82/OneDrive - Solent University/Desktop/CherryTreeGames/Content/group2/EA_assets/Displaycase_1/Display1_EG_1_Normal.ubulk" 5
"C:/Users/5fregl82/OneDrive - Solent University/Desktop/CherryTreeGames/Content/group2/EA_assets/Displaycase_1/Display1_EG_1_BaseColor.uasset" 6
"C:/Users/5fregl82/OneDrive - Solent University/Desktop/CherryTreeGames/Content/group2/EA_assets/Displaycase_1/Display1_EG_1_BaseColor.uexp" 7
"C:/Users/5fregl82/OneDrive - Solent University/Desktop/CherryTreeGames/Content/group2/EA_assets/Displaycase_1/Display1_EG_1_BaseColor.ubulk" 8
"C:/Users/5fregl82/OneDrive - Solent University/Desktop/CherryTreeGames/Content/group2/EA_assets/Displaycase_1/1_2.uasset" 9
"C:/Users/5fregl82/OneDrive - Solent University/Desktop/CherryTreeGames/Content/group2/EA_assets/Displaycase_1/1_2.uexp" 10
"C:/Users/5fregl82/OneDrive - Solent University/Desktop/CherryTreeGames/Content/group2/EA_assets/Displaycase_1/Display1_unreal_display_egyptF2_2.uasset" 11
"C:/Users/5fregl82/OneDrive - Solent University/Desktop/CherryTreeGames/Content/group2/EA_assets/Displaycase_1/Display1_unreal_display_egyptF2_2.uexp" 12
"../../../Engine/Content/Functions/Engine_MaterialFunctions02/Lerp_3Color.uasset" 13
"../../../Engine/Content/Functions/Engine_MaterialFunctions02/Lerp_3Color.uexp" 14
"C:/Users/5fregl82/OneDrive - Solent University/Desktop/CherryTreeGames/Content/group2/EA_assets/Displaycase_1/Glassmaterial.uasset" 15
"C:/Users/5fregl82/OneDrive - Solent University/Desktop/CherryTreeGames/Content/group2/EA_assets/Displaycase_1/Glassmaterial.uexp" 16
"C:/Users/5fregl82/OneDrive - Solent University/Desktop/CherryTreeGames/Content/group2/EA_assets/Displaycase_1/Display1_unreal_Glass.uasset" 17
"C:/Users/5fregl82/OneDrive - Solent University/Desktop/CherryTreeGames/Content/group2/EA_assets/Displaycase_1/Display1_unreal_Glass.uexp" 18
"C:/Users/5fregl82/OneDrive - Solent University/Desktop/CherryTreeGames/Content/group3/Ari_BuiltData.uasset" 19
"C:/Users/5fregl82/OneDrive - Solent University/Desktop/CherryTreeGames/Content/group3/Ari_BuiltData.uexp" 20
"C:/Users/5fregl82/OneDrive - Solent University/Desktop/CherryTreeGames/Content/group3/Ceiling_BuiltData.uasset" 21
"C:/Users/5fregl82/OneDrive - Solent University/Desktop/CherryTreeGames/Content/group3/Ceiling_BuiltData.uexp" 22
"C:/Users/5fregl82/OneDrive - Solent University/Desktop/CherryTreeGames/Content/group3/Ceiling_BuiltData.ubulk" 23
"C:/Users/5fregl82/OneDrive - Solent University/Desktop/CherryTreeGames/Content/group3/Chemistry_BuiltData.uasset" 24
"C:/Users/5fregl82/OneDrive - Solent University/Desktop/CherryTreeGames/Content/group3/Chemistry_BuiltData.uexp" 25
"C:/Users/5fregl82/OneDrive - Solent University/Desktop/CherryTreeGames/Content/group3/Chemistry_BuiltData.ubulk" 26
"C:/Users/5fregl82/OneDrive - Solent University/Desktop/CherryTreeGames/Content/group3/Scence_Floor_BuiltData.uasset" 27
"C:/Users/5fregl82/OneDrive - Solent University/Desktop/CherryTreeGames/Content/group3/Scence_Floor_BuiltData.uexp" 28
"C:/Users/5fregl82/OneDrive - Solent University/Desktop/CherryTreeGames/Content/group3/Scence_Floor_BuiltData.ubulk" 29
"../../../Engine/Content/EngineMaterials/T_Default_Material_Grid_N.uasset" 30
"../../../Engine/Content/EngineMaterials/T_Default_Material_Grid_N.uexp" 31
"../../../Engine/Content/EngineMaterials/T_Default_Material_Grid_N.ubulk" 32
"../../../Engine/Content/EngineMaterials/T_Default_Material_Grid_M.uasset" 33
"../../../Engine/Content/EngineMaterials/T_Default_Material_Grid_M.uexp" 34
"../../../Engine/Content/EngineMaterials/T_Default_Material_Grid_M.ubulk" 35
"../../../Engine/Content/Functions/Engine_MaterialFunctions01/Opacity/CameraDepthFade.uasset" 36
"../../../Engine/Content/Functions/Engine_MaterialFunctions01/Opacity/CameraDepthFade.uexp" 37
"../../../Engine/Content/EngineMaterials/WorldGridMaterial.uasset" 38
"../../../Engine/Content/EngineMaterials/WorldGridMaterial.uexp" 39
"C:/Users/5fregl82/OneDrive - Solent University/Desktop/CherryTreeGames/Content/group3/props/apollo.uasset" 40
"C:/Users/5fregl82/OneDrive - Solent University/Desktop/CherryTreeGames/Content/group3/props/apollo.uexp" 41
"C:/Users/5fregl82/OneDrive - Solent University/Desktop/CherryTreeGames/Content/group3/props/astroboot.uasset" 42
"C:/Users/5fregl82/OneDrive - Solent University/Desktop/CherryTreeGames/Content/group3/props/astroboot.uexp" 43
"C:/Users/5fregl82/OneDrive - Solent University/Desktop/CherryTreeGames/Content/group3/props/Block_out_of_Astronaut_Gloves_Circle.uasset" 44
"C:/Users/5fregl82/OneDrive - Solent University/Desktop/CherryTreeGames/Content/group3/props/Block_out_of_Astronaut_Gloves_Circle.uexp" 45
"C:/Users/5fregl82/OneDrive - Solent University/Desktop/CherryTreeGames/Content/group3/props/Block_out_of_Astronaut_Gloves_Cube_001.uasset" 46
"C:/Users/5fregl82/OneDrive - Solent University/Desktop/CherryTreeGames/Content/group3/props/Block_out_of_Astronaut_Gloves_Cube_001.uexp" 47
"C:/Users/5fregl82/OneDrive - Solent University/Desktop/CherryTreeGames/Content/group3/props/Block_out_of_plant_1_.uasset" 48
"C:/Users/5fregl82/OneDrive - Solent University/Desktop/CherryTreeGames/Content/group3/props/Block_out_of_plant_1_.uexp" 49
"C:/Users/5fregl82/OneDrive - Solent University/Desktop/CherryTreeGames/Content/group3/props/bunsen_burner_and_tiepod.uasset" 50
"C:/Users/5fregl82/OneDrive - Solent University/Desktop/CherryTreeGames/Content/group3/props/bunsen_burner_and_tiepod.uexp" 51
"C:/Users/5fregl82/OneDrive - Solent University/Desktop/CherryTreeGames/Content/group3/props/crate.uasset" 52
"C:/Users/5fregl82/OneDrive - Solent University/Desktop/CherryTreeGames/Content/group3/props/crate.uexp" 53
"C:/Users/5fregl82/OneDrive - Solent University/Desktop/CherryTreeGames/Content/group3/props/glove_Cube.uasset" 54
"C:/Users/5fregl82/OneDrive - Solent University/Desktop/CherryTreeGames/Content/group3/props/glove_Cube.uexp" 55
"C:/Users/5fregl82/OneDrive - Solent University/Desktop/CherryTreeGames/Content/group3/props/glove_Cube_001.uasset" 56
"C:/Users/5fregl82/OneDrive - Solent University/Desktop/CherryTreeGames/Content/group3/props/glove_Cube_001.uexp" 57
"C:/Users/5fregl82/OneDrive - Solent University/Desktop/CherryTreeGames/Content/group3/props/goggles.uasset" 58
"C:/Users/5fregl82/OneDrive - Solent University/Desktop/CherryTreeGames/Content/group3/props/goggles.uexp" 59
"C:/Users/5fregl82/OneDrive - Solent University/Desktop/CherryTreeGames/Content/group3/props/Material_001.uasset" 60
"C:/Users/5fregl82/OneDrive - Solent University/Desktop/CherryTreeGames/Content/group3/props/Material_001.uexp" 61
"C:/Users/5fregl82/OneDrive - Solent University/Desktop/CherryTreeGames/Content/group3/props/Material_002.uasset" 62
"C:/Users/5fregl82/OneDrive - Solent University/Desktop/CherryTreeGames/Content/group3/props/Material_002.uexp" 63
"C:/Users/5fregl82/OneDrive - Solent University/Desktop/CherryTreeGames/Content/group3/props/mircoscope.uasset" 64
"C:/Users/5fregl82/OneDrive - Solent University/Desktop/CherryTreeGames/Content/group3/props/mircoscope.uexp" 65
"C:/Users/5fregl82/OneDrive - Solent University/Desktop/CherryTreeGames/Content/group3/props/normalbeaker.uasset" 66
"C:/Users/5fregl82/OneDrive - Solent University/Desktop/CherryTreeGames/Content/group3/props/normalbeaker.uexp" 67
"C:/Users/5fregl82/OneDrive - Solent University/Desktop/CherryTreeGames/Content/group3/props/rock1.uasset" 68
"C:/Users/5fregl82/OneDrive - Solent University/Desktop/CherryTreeGames/Content/group3/props/rock1.uexp" 69
"C:/Users/5fregl82/OneDrive - Solent University/Desktop/CherryTreeGames/Content/group3/props/rock2.uasset" 70
"C:/Users/5fregl82/OneDrive - Solent University/Desktop/CherryTreeGames/Content/group3/props/rock2.uexp" 71
"C:/Users/5fregl82/OneDrive - Solent University/Desktop/CherryTreeGames/Content/group3/props/rock3.uasset" 72
"C:/Users/5fregl82/OneDrive - Solent University/Desktop/CherryTreeGames/Content/group3/props/rock3.uexp" 73
"C:/Users/5fregl82/OneDrive - Solent University/Desktop/CherryTreeGames/Content/group3/props/rock4.uasset" 74
"C:/Users/5fregl82/OneDrive - Solent University/Desktop/CherryTreeGames/Content/group3/props/rock4.uexp" 75
"C:/Users/5fregl82/OneDrive - Solent University/Desktop/CherryTreeGames/Content/group3/props/rocket.uasset" 76
"C:/Users/5fregl82/OneDrive - Solent University/Desktop/CherryTreeGames/Content/group3/props/rocket.uexp" 77
"C:/Users/5fregl82/OneDrive - Solent University/Desktop/CherryTreeGames/Content/group3/props/satellite.uasset" 78
"C:/Users/5fregl82/OneDrive - Solent University/Desktop/CherryTreeGames/Content/group3/props/satellite.uexp" 79
"C:/Users/5fregl82/OneDrive - Solent University/Desktop/CherryTreeGames/Content/group3/props/smallcrate.uasset" 80
"C:/Users/5fregl82/OneDrive - Solent University/Desktop/CherryTreeGames/Content/group3/props/smallcrate.uexp" 81
"C:/Users/5fregl82/OneDrive - Solent University/Desktop/CherryTreeGames/Content/group3/props/spacehelmet.uasset" 82
"C:/Users/5fregl82/OneDrive - Solent University/Desktop/CherryTreeGames/Content/group3/props/spacehelmet.uexp" 83
"C:/Users/5fregl82/OneDrive - Solent University/Desktop/CherryTreeGames/Content/group3/props/syringes.uasset" 84
"C:/Users/5fregl82/OneDrive - Solent University/Desktop/CherryTreeGames/Content/group3/props/syringes.uexp" 85
"C:/Users/5fregl82/OneDrive - Solent University/Desktop/CherryTreeGames/Content/group3/props/testtubes_stand.uasset" 86
"C:/Users/5fregl82/OneDrive - Solent University/Desktop/CherryTreeGames/Content/group3/props/testtubes_stand.uexp" 87
"C:/Users/5fregl82/OneDrive - Solent University/Desktop/CherryTreeGames/Content/group3/props/untitled.uasset" 88
"C:/Users/5fregl82/OneDrive - Solent University/Desktop/CherryTreeGames/Content/group3/props/untitled.uexp" 89
"C:/Users/5fregl82/OneDrive - Solent University/Desktop/CherryTreeGames/Content/group3/props/planets/Material_006.uasset" 90
"C:/Users/5fregl82/OneDrive - Solent University/Desktop/CherryTreeGames/Content/group3/props/planets/Material_006.uexp" 91
"C:/Users/5fregl82/OneDrive - Solent University/Desktop/CherryTreeGames/Content/group3/props/planets/block_out_of_solar_system_Earth.uasset" 92
"C:/Users/5fregl82/OneDrive - Solent University/Desktop/CherryTreeGames/Content/group3/props/planets/block_out_of_solar_system_Earth.uexp" 93
"C:/Users/5fregl82/OneDrive - Solent University/Desktop/CherryTreeGames/Content/group3/props/planets/Material_003.uasset" 94
"C:/Users/5fregl82/OneDrive - Solent University/Desktop/CherryTreeGames/Content/group3/props/planets/Material_003.uexp" 95
"C:/Users/5fregl82/OneDrive - Solent University/Desktop/CherryTreeGames/Content/group3/props/planets/block_out_of_solar_system_Jupitar.uasset" 96
"C:/Users/5fregl82/OneDrive - Solent University/Desktop/CherryTreeGames/Content/group3/props/planets/block_out_of_solar_system_Jupitar.uexp" 97
"C:/Users/5fregl82/OneDrive - Solent University/Desktop/CherryTreeGames/Content/group3/props/planets/Material_007.uasset" 98
"C:/Users/5fregl82/OneDrive - Solent University/Desktop/CherryTreeGames/Content/group3/props/planets/Material_007.uexp" 99
"C:/Users/5fregl82/OneDrive - Solent University/Desktop/CherryTreeGames/Content/group3/props/planets/block_out_of_solar_system_Mars.uasset" 100
"C:/Users/5fregl82/OneDrive - Solent University/Desktop/CherryTreeGames/Content/group3/props/planets/block_out_of_solar_system_Mars.uexp" 101
"C:/Users/5fregl82/OneDrive - Solent University/Desktop/CherryTreeGames/Content/group3/props/planets/Material_004.uasset" 102
"C:/Users/5fregl82/OneDrive - Solent University/Desktop/CherryTreeGames/Content/group3/props/planets/Material_004.uexp" 103
"C:/Users/5fregl82/OneDrive - Solent University/Desktop/CherryTreeGames/Content/group3/props/planets/block_out_of_solar_system_Mercury.uasset" 104
"C:/Users/5fregl82/OneDrive - Solent University/Desktop/CherryTreeGames/Content/group3/props/planets/block_out_of_solar_system_Mercury.uexp" 105
"C:/Users/5fregl82/OneDrive - Solent University/Desktop/CherryTreeGames/Content/group3/props/planets/Material_009.uasset" 106
"C:/Users/5fregl82/OneDrive - Solent University/Desktop/CherryTreeGames/Content/group3/props/planets/Material_009.uexp" 107
"C:/Users/5fregl82/OneDrive - Solent University/Desktop/CherryTreeGames/Content/group3/props/planets/block_out_of_solar_system_Neptune.uasset" 108
"C:/Users/5fregl82/OneDrive - Solent University/Desktop/CherryTreeGames/Content/group3/props/planets/block_out_of_solar_system_Neptune.uexp" 109
"C:/Users/5fregl82/OneDrive - Solent University/Desktop/CherryTreeGames/Content/group3/props/planets/Material_010.uasset" 110
"C:/Users/5fregl82/OneDrive - Solent University/Desktop/CherryTreeGames/Content/group3/props/planets/Material_010.uexp" 111
"C:/Users/5fregl82/OneDrive - Solent University/Desktop/CherryTreeGames/Content/group3/props/planets/block_out_of_solar_system_Pluto.uasset" 112
"C:/Users/5fregl82/OneDrive - Solent University/Desktop/CherryTreeGames/Content/group3/props/planets/block_out_of_solar_system_Pluto.uexp" 113
"C:/Users/5fregl82/OneDrive - Solent University/Desktop/CherryTreeGames/Content/group3/props/planets/Material_008.uasset" 114
"C:/Users/5fregl82/OneDrive - Solent University/Desktop/CherryTreeGames/Content/group3/props/planets/Material_008.uexp" 115
"C:/Users/5fregl82/OneDrive - Solent University/Desktop/CherryTreeGames/Content/group3/props/planets/block_out_of_solar_system_Saturn.uasset" 116
"C:/Users/5fregl82/OneDrive - Solent University/Desktop/CherryTreeGames/Content/group3/props/planets/block_out_of_solar_system_Saturn.uexp" 117
"C:/Users/5fregl82/OneDrive - Solent University/Desktop/CherryTreeGames/Content/group3/props/planets/Material_002.uasset" 118
"C:/Users/5fregl82/OneDrive - Solent University/Desktop/CherryTreeGames/Content/group3/props/planets/Material_002.uexp" 119
"C:/Users/5fregl82/OneDrive - Solent University/Desktop/CherryTreeGames/Content/group3/props/planets/block_out_of_solar_system_Sun.uasset" 120
"C:/Users/5fregl82/OneDrive - Solent University/Desktop/CherryTreeGames/Content/group3/props/planets/block_out_of_solar_system_Sun.uexp" 121
"C:/Users/5fregl82/OneDrive - Solent University/Desktop/CherryTreeGames/Content/group3/props/planets/Material_001.uasset" 122
"C:/Users/5fregl82/OneDrive - Solent University/Desktop/CherryTreeGames/Content/group3/props/planets/Material_001.uexp" 123
"C:/Users/5fregl82/OneDrive - Solent University/Desktop/CherryTreeGames/Content/group3/props/planets/block_out_of_solar_system_Uranus.uasset" 124
"C:/Users/5fregl82/OneDrive - Solent University/Desktop/CherryTreeGames/Content/group3/props/planets/block_out_of_solar_system_Uranus.uexp" 125
"C:/Users/5fregl82/OneDrive - Solent University/Desktop/CherryTreeGames/Content/group3/props/planets/Material_005.uasset" 126
"C:/Users/5fregl82/OneDrive - Solent University/Desktop/CherryTreeGames/Content/group3/props/planets/Material_005.uexp" 127
"C:/Users/5fregl82/OneDrive - Solent University/Desktop/CherryTreeGames/Content/group3/props/planets/block_out_of_solar_system_Venus.uasset" 128
"C:/Users/5fregl82/OneDrive - Solent University/Desktop/CherryTreeGames/Content/group3/props/planets/block_out_of_solar_system_Venus.uexp" 129
"C:/Users/5fregl82/OneDrive - Solent University/Desktop/CherryTreeGames/Content/group3/_GENERATED/susse/Boolean_02CECE90.uasset" 130
"C:/Users/5fregl82/OneDrive - Solent University/Desktop/CherryTreeGames/Content/group3/_GENERATED/susse/Boolean_02CECE90.uexp" 131
"C:/Users/5fregl82/OneDrive - Solent University/Desktop/CherryTreeGames/Content/group3/_GENERATED/susse/Boolean_D3A9A8F2.uasset" 132
"C:/Users/5fregl82/OneDrive - Solent University/Desktop/CherryTreeGames/Content/group3/_GENERATED/susse/Boolean_D3A9A8F2.uexp" 133
"C:/Users/5fregl82/OneDrive - Solent University/Desktop/CherryTreeGames/Content/group3/_GENERATED/susse/Boolean_DC91DD47.uasset" 134
"C:/Users/5fregl82/OneDrive - Solent University/Desktop/CherryTreeGames/Content/group3/_GENERATED/susse/Boolean_DC91DD47.uexp" 135
"C:/Users/5fregl82/OneDrive - Solent University/Desktop/CherryTreeGames/Content/group3/_GENERATED/susse/Boolean_F28FC366.uasset" 136
"C:/Users/5fregl82/OneDrive - Solent University/Desktop/CherryTreeGames/Content/group3/_GENERATED/susse/Boolean_F28FC366.uexp" 137
"../../../Engine/Content/ArtTools/RenderToTexture/Meshes/S_1_Unit_Plane.uasset" 138
"../../../Engine/Content/ArtTools/RenderToTexture/Meshes/S_1_Unit_Plane.uexp" 139
"../../../Engine/Content/BasicShapes/Plane.uasset" 140
"../../../Engine/Content/BasicShapes/Plane.uexp" 141
"../../../Engine/Content/EditorLandscapeResources/DataLayer.uasset" 142
"../../../Engine/Content/EditorLandscapeResources/DataLayer.uexp" 143
"../../../Engine/Content/EditorLandscapeResources/DefaultAlphaTexture.uasset" 144
"../../../Engine/Content/EditorLandscapeResources/DefaultAlphaTexture.uexp" 145
"../../../Engine/Content/EditorMaterials/MAT_Groups_Toggle.uasset" 146
"../../../Engine/Content/EditorMaterials/MAT_Groups_Toggle.uexp" 147
"../../../Engine/Content/EditorMaterials/MAT_Groups_Visibility.uasset" 148
"../../../Engine/Content/EditorMaterials/MAT_Groups_Visibility.uexp" 149
"../../../Engine/Content/EditorMaterials/PreviewShadowIndicator.uasset" 150
"../../../Engine/Content/EditorMaterials/PreviewShadowIndicator.uexp" 151
"../../../Engine/Content/EditorMaterials/PreviewShadowIndicator.ubulk" 152
"../../../Engine/Content/EditorMaterials/PreviewShadowIndicatorMaterial.uasset" 153
"../../../Engine/Content/EditorMaterials/PreviewShadowIndicatorMaterial.uexp" 154
"../../../Engine/Content/EditorMaterials/MatineeGroups/MAT_ColorTrack.uasset" 155
"../../../Engine/Content/EditorMaterials/MatineeGroups/MAT_ColorTrack.uexp" 156
"../../../Engine/Content/EditorMaterials/MatineeGroups/MAT_Groups_Anim.uasset" 157
"../../../Engine/Content/EditorMaterials/MatineeGroups/MAT_Groups_Anim.uexp" 158
"../../../Engine/Content/EditorMaterials/MatineeGroups/MAT_Groups_AudioMaster.uasset" 159
"../../../Engine/Content/EditorMaterials/MatineeGroups/MAT_Groups_AudioMaster.uexp" 160
"../../../Engine/Content/EditorMaterials/MatineeGroups/MAT_Groups_Director.uasset" 161
"../../../Engine/Content/EditorMaterials/MatineeGroups/MAT_Groups_Director.uexp" 162
"../../../Engine/Content/EditorMaterials/MatineeGroups/MAT_Groups_Event.uasset" 163
"../../../Engine/Content/EditorMaterials/MatineeGroups/MAT_Groups_Event.uexp" 164
"../../../Engine/Content/EditorMaterials/MatineeGroups/MAT_Groups_Fade.uasset" 165
"../../../Engine/Content/EditorMaterials/MatineeGroups/MAT_Groups_Fade.uexp" 166
"../../../Engine/Content/EditorMaterials/MatineeGroups/MAT_Groups_Float.uasset" 167
"../../../Engine/Content/EditorMaterials/MatineeGroups/MAT_Groups_Float.uexp" 168
"../../../Engine/Content/EditorMaterials/MatineeGroups/MAT_Groups_Move.uasset" 169
"../../../Engine/Content/EditorMaterials/MatineeGroups/MAT_Groups_Move.uexp" 170
"../../../Engine/Content/EditorMaterials/MatineeGroups/MAT_Groups_Slomo.uasset" 171
"../../../Engine/Content/EditorMaterials/MatineeGroups/MAT_Groups_Slomo.uexp" 172
"../../../Engine/Content/EditorMaterials/MatineeGroups/MAT_Groups_Sound.uasset" 173
"../../../Engine/Content/EditorMaterials/MatineeGroups/MAT_Groups_Sound.uexp" 174
"../../../Engine/Content/EditorMaterials/MatineeGroups/MAT_Groups_Vector.uasset" 175
"../../../Engine/Content/EditorMaterials/MatineeGroups/MAT_Groups_Vector.uexp" 176
"../../../Engine/Content/EditorMaterials/ParticleSystems/PSysThumbnail_NoImage.uasset" 177
"../../../Engine/Content/EditorMaterials/ParticleSystems/PSysThumbnail_NoImage.uexp" 178
"../../../Engine/Content/EditorMaterials/ParticleSystems/PSysThumbnail_NoImage.ubulk" 179
"../../../Engine/Content/EditorMaterials/ParticleSystems/PSysThumbnail_OOD.uasset" 180
"../../../Engine/Content/EditorMaterials/ParticleSystems/PSysThumbnail_OOD.uexp" 181
"../../../Engine/Content/EditorMaterials/ParticleSystems/PSysThumbnail_OOD.ubulk" 182
"../../../Engine/Content/EditorMaterials/Camera/CineMat.uasset" 183
"../../../Engine/Content/EditorMaterials/Camera/CineMat.uexp" 184
"../../../Engine/Content/EditorMaterials/Camera/MI_CineMat_Rig.uasset" 185
"../../../Engine/Content/EditorMaterials/Camera/MI_CineMat_Rig.uexp" 186
"../../../Engine/Content/EditorMeshes/Camera/SM_CraneRig_Arm.uasset" 187
"../../../Engine/Content/EditorMeshes/Camera/SM_CraneRig_Arm.uexp" 188
"../../../Engine/Content/EditorMeshes/Camera/SM_CraneRig_Base.uasset" 189
"../../../Engine/Content/EditorMeshes/Camera/SM_CraneRig_Base.uexp" 190
"../../../Engine/Content/EditorMeshes/Camera/SM_CraneRig_Body.uasset" 191
"../../../Engine/Content/EditorMeshes/Camera/SM_CraneRig_Body.uexp" 192
"../../../Engine/Content/EditorMeshes/Camera/SM_CraneRig_Mount.uasset" 193
"../../../Engine/Content/EditorMeshes/Camera/SM_CraneRig_Mount.uexp" 194
"../../../Engine/Content/EditorMeshes/Camera/SM_RailRig_Mount.uasset" 195
"../../../Engine/Content/EditorMeshes/Camera/SM_RailRig_Mount.uexp" 196
"../../../Engine/Content/EditorMeshes/Camera/SM_RailRig_Track.uasset" 197
"../../../Engine/Content/EditorMeshes/Camera/SM_RailRig_Track.uexp" 198
"../../../Engine/Content/EditorResources/BSPVertex.uasset" 199
"../../../Engine/Content/EditorResources/BSPVertex.uexp" 200
"../../../Engine/Content/EditorResources/EmptyActor.uasset" 201
"../../../Engine/Content/EditorResources/EmptyActor.uexp" 202
"../../../Engine/Content/EditorResources/S_Actor.uasset" 203
"../../../Engine/Content/EditorResources/S_Actor.uexp" 204
"../../../Engine/Content/EditorResources/S_Actor.ubulk" 205
"../../../Engine/Content/EditorResources/S_Note.uasset" 206
"../../../Engine/Content/EditorResources/S_Note.uexp" 207
"../../../Engine/Content/EditorResources/S_Note.ubulk" 208
"../../../Engine/Content/EditorResources/S_Solver.uasset" 209
"../../../Engine/Content/EditorResources/S_Solver.uexp" 210
"../../../Engine/Content/EditorResources/S_Solver.ubulk" 211
"../../../Engine/Content/EditorResources/S_Terrain.uasset" 212
"../../../Engine/Content/EditorResources/S_Terrain.uexp" 213
"../../../Engine/Content/EditorResources/S_Terrain.ubulk" 214
"../../../Engine/Content/EditorResources/S_Trigger.uasset" 215
"../../../Engine/Content/EditorResources/S_Trigger.uexp" 216
"../../../Engine/Content/EditorResources/S_Trigger.ubulk" 217
"../../../Engine/Content/EditorResources/LightIcons/S_LightError.uasset" 218
"../../../Engine/Content/EditorResources/LightIcons/S_LightError.uexp" 219
"../../../Engine/Content/EditorResources/SequenceRecorder/Countdown.uasset" 220
"../../../Engine/Content/EditorResources/SequenceRecorder/Countdown.uexp" 221
"../../../Engine/Content/EditorResources/SequenceRecorder/RecordingIndicator.uasset" 222
"../../../Engine/Content/EditorResources/SequenceRecorder/RecordingIndicator.uexp" 223
"../../../Engine/Content/EngineDamageTypes/DmgTypeBP_Environmental.uasset" 224
"../../../Engine/Content/EngineDamageTypes/DmgTypeBP_Environmental.uexp" 225
"../../../Engine/Content/EngineDebugMaterials/DebugEditorMaterial.uasset" 226
"../../../Engine/Content/EngineDebugMaterials/DebugEditorMaterial.uexp" 227
"../../../Engine/Content/EngineDebugMaterials/DebugMeshMaterial.uasset" 228
"../../../Engine/Content/EngineDebugMaterials/DebugMeshMaterial.uexp" 229
"../../../Engine/Content/EngineDebugMaterials/M_SimpleUnlitTranslucent.uasset" 230
"../../../Engine/Content/EngineDebugMaterials/M_SimpleUnlitTranslucent.uexp" 231
"../../../Engine/Content/EngineDebugMaterials/VolumeToRender.uasset" 232
"../../../Engine/Content/EngineDebugMaterials/VolumeToRender.uexp" 233
"../../../Engine/Content/Functions/Engine_MaterialFunctions02/Utility/CameraDirectionVector.uasset" 234
"../../../Engine/Content/Functions/Engine_MaterialFunctions02/Utility/CameraDirectionVector.uexp" 235
"../../../Engine/Content/EngineDebugMaterials/M_VolumeRenderSphereTracePP.uasset" 236
"../../../Engine/Content/EngineDebugMaterials/M_VolumeRenderSphereTracePP.uexp" 237
"../../../Engine/Content/Functions/Engine_MaterialFunctions01/Shading/ConvertFromDiffSpec.uasset" 238
"../../../Engine/Content/Functions/Engine_MaterialFunctions01/Shading/ConvertFromDiffSpec.uexp" 239
"../../../Engine/Content/EngineDebugMaterials/VertexColorMaterial.uasset" 240
"../../../Engine/Content/EngineDebugMaterials/VertexColorMaterial.uexp" 241
"../../../Engine/Content/EngineDebugMaterials/WireframeMaterial.uasset" 242
"../../../Engine/Content/EngineDebugMaterials/WireframeMaterial.uexp" 243
"../../../Engine/Content/EngineFonts/Faces/RobotoRegular.uasset" 244
"../../../Engine/Content/EngineFonts/Faces/RobotoRegular.uexp" 245
"../../../Engine/Content/EngineFonts/Faces/RobotoRegular.ufont" 246
"../../../Engine/Content/EngineFonts/Faces/RobotoLight.uasset" 247
"../../../Engine/Content/EngineFonts/Faces/RobotoLight.uexp" 248
"../../../Engine/Content/EngineFonts/Faces/RobotoLight.ufont" 249
"../../../Engine/Content/EngineFonts/Faces/RobotoItalic.uasset" 250
"../../../Engine/Content/EngineFonts/Faces/RobotoItalic.uexp" 251
"../../../Engine/Content/EngineFonts/Faces/RobotoItalic.ufont" 252
"../../../Engine/Content/EngineFonts/Faces/RobotoBoldItalic.uasset" 253
"../../../Engine/Content/EngineFonts/Faces/RobotoBoldItalic.uexp" 254
"../../../Engine/Content/EngineFonts/Faces/RobotoBoldItalic.ufont" 255
"../../../Engine/Content/EngineFonts/Faces/RobotoBold.uasset" 256
"../../../Engine/Content/EngineFonts/Faces/RobotoBold.uexp" 257
"../../../Engine/Content/EngineFonts/Faces/RobotoBold.ufont" 258
"../../../Engine/Content/EngineFonts/Faces/DroidSansFallback.uasset" 259
"../../../Engine/Content/EngineFonts/Faces/DroidSansFallback.uexp" 260
"../../../Engine/Content/EngineFonts/Faces/DroidSansFallback.ufont" 261
"../../../Engine/Content/EngineFonts/Roboto.uasset" 262
"../../../Engine/Content/EngineFonts/Roboto.uexp" 263
"../../../Engine/Content/EngineMaterials/BaseFlattenNormalMap.uasset" 264
"../../../Engine/Content/EngineMaterials/BaseFlattenNormalMap.uexp" 265
"../../../Engine/Content/EngineMaterials/BaseFlattenGrayscaleMap.uasset" 266
"../../../Engine/Content/EngineMaterials/BaseFlattenGrayscaleMap.uexp" 267
"../../../Engine/Content/EngineMaterials/BaseFlattenEmissiveMap.uasset" 268
"../../../Engine/Content/EngineMaterials/BaseFlattenEmissiveMap.uexp" 269
"../../../Engine/Content/EngineMaterials/BaseFlattenDiffuseMap.uasset" 270
"../../../Engine/Content/EngineMaterials/BaseFlattenDiffuseMap.uexp" 271
"../../../Engine/Content/EngineMaterials/BaseFlattenMaterial.uasset" 272
"../../../Engine/Content/EngineMaterials/BaseFlattenMaterial.uexp" 273
"../../../Engine/Content/EngineMaterials/BlueNoise.uasset" 274
"../../../Engine/Content/EngineMaterials/BlueNoise.uexp" 275
"../../../Engine/Content/EngineMaterials/DefaultBloomKernel.uasset" 276
"../../../Engine/Content/EngineMaterials/DefaultBloomKernel.uexp" 277
"../../../Engine/Content/EngineMaterials/DefaultBokeh.uasset" 278
"../../../Engine/Content/EngineMaterials/DefaultBokeh.uexp" 279
"../../../Engine/Content/EngineMaterials/DefaultDiffuse.uasset" 280
"../../../Engine/Content/EngineMaterials/DefaultDiffuse.uexp" 281
"../../../Engine/Content/EngineMaterials/DefaultDiffuse.ubulk" 282
"../../../Engine/Content/EngineMaterials/DefaultDeferredDecalMaterial.uasset" 283
"../../../Engine/Content/EngineMaterials/DefaultDeferredDecalMaterial.uexp" 284
"../../../Engine/Content/EngineMaterials/DefaultLightFunctionMaterial.uasset" 285
"../../../Engine/Content/EngineMaterials/DefaultLightFunctionMaterial.uexp" 286
"../../../Engine/Content/EngineMaterials/DefaultPhysicalMaterial.uasset" 287
"../../../Engine/Content/EngineMaterials/DefaultPhysicalMaterial.uexp" 288
"../../../Engine/Content/Functions/Engine_MaterialFunctions02/Utility/BreakOutFloat2Components.uasset" 289
"../../../Engine/Content/Functions/Engine_MaterialFunctions02/Utility/BreakOutFloat2Components.uexp" 290
"../../../Engine/Content/EngineMaterials/DefaultPostProcessMaterial.uasset" 291
"../../../Engine/Content/EngineMaterials/DefaultPostProcessMaterial.uexp" 292
"../../../Engine/Content/EngineFonts/RobotoDistanceField.uasset" 293
"../../../Engine/Content/EngineFonts/RobotoDistanceField.uexp" 294
"../../../Engine/Content/EngineMaterials/DefaultTextMaterialOpaque.uasset" 295
"../../../Engine/Content/EngineMaterials/DefaultTextMaterialOpaque.uexp" 296
"../../../Engine/Content/EngineMaterials/DefaultWhiteGrid.uasset" 297
"../../../Engine/Content/EngineMaterials/DefaultWhiteGrid.uexp" 298
"../../../Engine/Content/EngineMaterials/DefaultWhiteGrid.ubulk" 299
"../../../Engine/Content/EngineMaterials/DefaultWhiteGrid_Low.uasset" 300
"../../../Engine/Content/EngineMaterials/DefaultWhiteGrid_Low.uexp" 301
"../../../Engine/Content/EngineMaterials/EmissiveMeshMaterial.uasset" 302
"../../../Engine/Content/EngineMaterials/EmissiveMeshMaterial.uexp" 303
"../../../Engine/Content/EngineMaterials/GizmoMaterial.uasset" 304
"../../../Engine/Content/EngineMaterials/GizmoMaterial.uexp" 305
"../../../Engine/Content/EngineMaterials/Good64x64TilingNoiseHighFreq.uasset" 306
"../../../Engine/Content/EngineMaterials/Good64x64TilingNoiseHighFreq.uexp" 307
"../../../Engine/Content/EngineMaterials/MiniFont.uasset" 308
"../../../Engine/Content/EngineMaterials/MiniFont.uexp" 309
"../../../Engine/Content/EngineMaterials/InvalidLightmapSettings.uasset" 310
"../../../Engine/Content/EngineMaterials/InvalidLightmapSettings.uexp" 311
"../../../Engine/Content/EngineMaterials/InvalidLightmapSettings.ubulk" 312
"../../../Engine/Content/EngineMaterials/M_InvalidLightmapSettings.uasset" 313
"../../../Engine/Content/EngineMaterials/M_InvalidLightmapSettings.uexp" 314
"../../../Engine/Content/Functions/Engine_MaterialFunctions02/WorldPositionOffset/CameraOffset.uasset" 315
"../../../Engine/Content/Functions/Engine_MaterialFunctions02/WorldPositionOffset/CameraOffset.uexp" 316
"../../../Engine/Content/EngineMaterials/PhAT_JointLimitMaterial.uasset" 317
"../../../Engine/Content/EngineMaterials/PhAT_JointLimitMaterial.uexp" 318
"../../../Engine/Content/EngineMaterials/DefaultCalibrationColor.uasset" 319
"../../../Engine/Content/EngineMaterials/DefaultCalibrationColor.uexp" 320
"../../../Engine/Content/EngineMaterials/PPM_DefaultCalibrationColor.uasset" 321
"../../../Engine/Content/EngineMaterials/PPM_DefaultCalibrationColor.uexp" 322
"../../../Engine/Content/EngineMaterials/DefaultCalibrationGrayscale.uasset" 323
"../../../Engine/Content/EngineMaterials/DefaultCalibrationGrayscale.uexp" 324
"../../../Engine/Content/EngineMaterials/PPM_DefaultCalibrationGrayscale.uasset" 325
"../../../Engine/Content/EngineMaterials/PPM_DefaultCalibrationGrayscale.uexp" 326
"../../../Engine/Content/EngineMaterials/PreintegratedSkinBRDF.uasset" 327
"../../../Engine/Content/EngineMaterials/PreintegratedSkinBRDF.uexp" 328
"../../../Engine/Content/EngineMaterials/RemoveSurfaceMaterial.uasset" 329
"../../../Engine/Content/EngineMaterials/RemoveSurfaceMaterial.uexp" 330
"../../../Engine/Content/EngineMaterials/WeightMapPlaceholderTexture.uasset" 331
"../../../Engine/Content/EngineMaterials/WeightMapPlaceholderTexture.uexp" 332
"../../../Engine/Content/EngineResources/WhiteSquareTexture.uasset" 333
"../../../Engine/Content/EngineResources/WhiteSquareTexture.uexp" 334
"../../../Engine/Content/EngineMaterials/Widget3DPassThrough.uasset" 335
"../../../Engine/Content/EngineMaterials/Widget3DPassThrough.uexp" 336
"../../../Engine/Content/EngineMaterials/Widget3DPassThrough_Masked.uasset" 337
"../../../Engine/Content/EngineMaterials/Widget3DPassThrough_Masked.uexp" 338
"../../../Engine/Content/EngineMaterials/Widget3DPassThrough_Opaque.uasset" 339
"../../../Engine/Content/EngineMaterials/Widget3DPassThrough_Opaque.uexp" 340
"../../../Engine/Content/EngineMaterials/Widget3DPassThrough_Masked_OneSided.uasset" 341
"../../../Engine/Content/EngineMaterials/Widget3DPassThrough_Masked_OneSided.uexp" 342
"../../../Engine/Content/EngineMaterials/Widget3DPassThrough_Opaque_OneSided.uasset" 343
"../../../Engine/Content/EngineMaterials/Widget3DPassThrough_Opaque_OneSided.uexp" 344
"../../../Engine/Content/EngineMaterials/Widget3DPassThrough_Translucent.uasset" 345
"../../../Engine/Content/EngineMaterials/Widget3DPassThrough_Translucent.uexp" 346
"../../../Engine/Content/EngineMaterials/Widget3DPassThrough_Translucent_OneSided.uasset" 347
"../../../Engine/Content/EngineMaterials/Widget3DPassThrough_Translucent_OneSided.uexp" 348
"../../../Engine/Content/EngineMaterials/DefaultMaterial.uasset" 349
"../../../Engine/Content/EngineMaterials/DefaultMaterial.uexp" 350
"../../../Engine/Content/EngineMeshes/Cylinder.uasset" 351
"../../../Engine/Content/EngineMeshes/Cylinder.uexp" 352
"../../../Engine/Content/EngineMeshes/Sphere.uasset" 353
"../../../Engine/Content/EngineMeshes/Sphere.uexp" 354
"../../../Engine/Content/EngineResources/DefaultTexture.uasset" 355
"../../../Engine/Content/EngineResources/DefaultTexture.uexp" 356
"../../../Engine/Content/EngineResources/DefaultTexture.ubulk" 357
"../../../Engine/Content/EngineResources/DefaultTextureCube.uasset" 358
"../../../Engine/Content/EngineResources/DefaultTextureCube.uexp" 359
"../../../Engine/Content/EngineResources/DefaultVolumeTexture2D.uasset" 360
"../../../Engine/Content/EngineResources/DefaultVolumeTexture2D.uexp" 361
"../../../Engine/Content/EngineResources/DefaultVolumeTexture.uasset" 362
"../../../Engine/Content/EngineResources/DefaultVolumeTexture.uexp" 363
"../../../Engine/Content/EngineResources/GradientTexture0.uasset" 364
"../../../Engine/Content/EngineResources/GradientTexture0.uexp" 365
"../../../Engine/Content/EngineSky/VolumetricClouds/T_NoiseShape64.uasset" 366
"../../../Engine/Content/EngineSky/VolumetricClouds/T_NoiseShape64.uexp" 367
"../../../Engine/Content/EngineSky/VolumetricClouds/T_NoiseShape64.ubulk" 368
"../../../Engine/Content/EngineSky/VolumetricClouds/T_VolumeNoiseShape64.uasset" 369
"../../../Engine/Content/EngineSky/VolumetricClouds/T_VolumeNoiseShape64.uexp" 370
"../../../Engine/Content/EngineSky/VolumetricClouds/T_NoiseErosion.uasset" 371
"../../../Engine/Content/EngineSky/VolumetricClouds/T_NoiseErosion.uexp" 372
"../../../Engine/Content/EngineSky/VolumetricClouds/T_NoiseErosion.ubulk" 373
"../../../Engine/Content/EngineSky/VolumetricClouds/T_VolumeNoiseErosion32.uasset" 374
"../../../Engine/Content/EngineSky/VolumetricClouds/T_VolumeNoiseErosion32.uexp" 375
"../../../Engine/Content/EngineSky/VolumetricClouds/CloudWeatherTexture.uasset" 376
"../../../Engine/Content/EngineSky/VolumetricClouds/CloudWeatherTexture.uexp" 377
"../../../Engine/Content/EngineSky/VolumetricClouds/CloudGradientTexture.uasset" 378
"../../../Engine/Content/EngineSky/VolumetricClouds/CloudGradientTexture.uexp" 379
"../../../Engine/Content/Functions/Engine_MaterialFunctions02/Utility/MakeFloat2.uasset" 380
"../../../Engine/Content/Functions/Engine_MaterialFunctions02/Utility/MakeFloat2.uexp" 381
"../../../Engine/Content/EngineSky/VolumetricClouds/m_SimpleVolumetricCloud.uasset" 382
"../../../Engine/Content/EngineSky/VolumetricClouds/m_SimpleVolumetricCloud.uexp" 383
"../../../Engine/Content/EngineSky/VolumetricClouds/m_SimpleVolumetricCloud_Inst.uasset" 384
"../../../Engine/Content/EngineSky/VolumetricClouds/m_SimpleVolumetricCloud_Inst.uexp" 385
"../../../Engine/Content/EngineSounds/Master.uasset" 386
"../../../Engine/Content/EngineSounds/Master.uexp" 387
"../../../Engine/Content/Functions/Engine_MaterialFunctions01/Shading/PowerToRoughness.uasset" 388
"../../../Engine/Content/Functions/Engine_MaterialFunctions01/Shading/PowerToRoughness.uexp" 389
"../../../Engine/Content/Maps/Templates/Thumbnails/Default.uasset" 390
"../../../Engine/Content/Maps/Templates/Thumbnails/Default.uexp" 391
"../../../Engine/Content/Maps/Templates/Thumbnails/TimeOfDay.uasset" 392
"../../../Engine/Content/Maps/Templates/Thumbnails/TimeOfDay.uexp" 393
"../../../Engine/Content/Maps/Templates/Thumbnails/VR-Basic.uasset" 394
"../../../Engine/Content/Maps/Templates/Thumbnails/VR-Basic.uexp" 395
"../../../Engine/Content/MobileResources/T_MobileControls_texture.uasset" 396
"../../../Engine/Content/MobileResources/T_MobileControls_texture.uexp" 397
"../../../Engine/Content/MobileResources/T_MobileMenu2.uasset" 398
"../../../Engine/Content/MobileResources/T_MobileMenu2.uexp" 399
"../../../Engine/Content/MobileResources/HUD/AnalogHat.uasset" 400
"../../../Engine/Content/MobileResources/HUD/AnalogHat.uexp" 401
"../../../Engine/Content/MobileResources/HUD/VirtualJoystick_Thumb.uasset" 402
"../../../Engine/Content/MobileResources/HUD/VirtualJoystick_Thumb.uexp" 403
"../../../Engine/Content/MobileResources/HUD/VirtualJoystick_Background.uasset" 404
"../../../Engine/Content/MobileResources/HUD/VirtualJoystick_Background.uexp" 405
"../../../Engine/Content/MobileResources/HUD/DefaultVirtualJoysticks.uasset" 406
"../../../Engine/Content/MobileResources/HUD/DefaultVirtualJoysticks.uexp" 407
"../../../Engine/Content/MobileResources/HUD/LeftVirtualJoystickOnly.uasset" 408
"../../../Engine/Content/MobileResources/HUD/LeftVirtualJoystickOnly.uexp" 409
"../../../Engine/Content/MobileResources/HUD/MobileHUDButton1_off.uasset" 410
"../../../Engine/Content/MobileResources/HUD/MobileHUDButton1_off.uexp" 411
"../../../Engine/Content/MobileResources/HUD/MobileHUDButton1_on.uasset" 412
"../../../Engine/Content/MobileResources/HUD/MobileHUDButton1_on.uexp" 413
"../../../Engine/Content/MobileResources/HUD/MobileHUDButton2_off.uasset" 414
"../../../Engine/Content/MobileResources/HUD/MobileHUDButton2_off.uexp" 415
"../../../Engine/Content/MobileResources/HUD/MobileHUDButton2_on.uasset" 416
"../../../Engine/Content/MobileResources/HUD/MobileHUDButton2_on.uexp" 417
"../../../Engine/Content/MobileResources/HUD/MobileHUDButton3.uasset" 418
"../../../Engine/Content/MobileResources/HUD/MobileHUDButton3.uexp" 419
"../../../Engine/Content/MobileResources/HUD/MobileHUDButtonFire.uasset" 420
"../../../Engine/Content/MobileResources/HUD/MobileHUDButtonFire.uexp" 421
"../../../Engine/Content/MobileResources/HUD/MobileHUDDirectionPad.uasset" 422
"../../../Engine/Content/MobileResources/HUD/MobileHUDDirectionPad.uexp" 423
"../../../Engine/Content/MobileResources/HUD/MobileHUDDirectionPad2.uasset" 424
"../../../Engine/Content/MobileResources/HUD/MobileHUDDirectionPad2.uexp" 425
"../../../Engine/Content/MobileResources/HUD/MobileHUDDirectionPad3.uasset" 426
"../../../Engine/Content/MobileResources/HUD/MobileHUDDirectionPad3.uexp" 427
"../../../Engine/Content/MobileResources/HUD/MobileHUDDirectionStick.uasset" 428
"../../../Engine/Content/MobileResources/HUD/MobileHUDDirectionStick.uexp" 429
"../../../Engine/Content/MobileResources/HUD/T_Castle_ThumbstickInner.uasset" 430
"../../../Engine/Content/MobileResources/HUD/T_Castle_ThumbstickInner.uexp" 431
"../../../Engine/Content/MobileResources/HUD/T_Castle_ThumbstickOutter.uasset" 432
"../../../Engine/Content/MobileResources/HUD/T_Castle_ThumbstickOutter.uexp" 433
"../../../Engine/Content/Tutorial/ContentIntroCurve.uasset" 434
"../../../Engine/Content/Tutorial/ContentIntroCurve.uexp" 435
"../../../Engine/Content/VREditor/TransformGizmo/TranslucentTransformGizmoMaterial.uasset" 436
"../../../Engine/Content/VREditor/TransformGizmo/TranslucentTransformGizmoMaterial.uexp" 437
"../../../Engine/Content/VREditor/LaserPointer/VR_LaserPower_01.uasset" 438
"../../../Engine/Content/VREditor/LaserPointer/VR_LaserPower_01.uexp" 439
"../../../Engine/Content/VREditor/LaserPointer/VR_LaserPower_01.ubulk" 440
"../../../Engine/Content/VREditor/TransformGizmo/TransformGizmoMaterial.uasset" 441
"../../../Engine/Content/VREditor/TransformGizmo/TransformGizmoMaterial.uexp" 442
"../../../Engine/Content/VREditor/TransformGizmo/BoundingBoxCorner.uasset" 443
"../../../Engine/Content/VREditor/TransformGizmo/BoundingBoxCorner.uexp" 444
"../../../Engine/Content/VREditor/TransformGizmo/BoundingBoxEdge.uasset" 445
"../../../Engine/Content/VREditor/TransformGizmo/BoundingBoxEdge.uexp" 446
"../../../Engine/Content/VREditor/TransformGizmo/PlaneTranslationHandle.uasset" 447
"../../../Engine/Content/VREditor/TransformGizmo/PlaneTranslationHandle.uexp" 448
"../../../Engine/Content/VREditor/TransformGizmo/Xray.uasset" 449
"../../../Engine/Content/VREditor/TransformGizmo/Xray.uexp" 450
"../../../Engine/Content/VREditor/TransformGizmo/Main.uasset" 451
"../../../Engine/Content/VREditor/TransformGizmo/Main.uexp" 452
"../../../Engine/Content/VREditor/TransformGizmo/SM_Sequencer_Key.uasset" 453
"../../../Engine/Content/VREditor/TransformGizmo/SM_Sequencer_Key.uexp" 454
"../../../Engine/Content/VREditor/TransformGizmo/SM_Sequencer_Node.uasset" 455
"../../../Engine/Content/VREditor/TransformGizmo/SM_Sequencer_Node.uexp" 456
"../../../Engine/Plugins/2D/Paper2D/Content/PlaceholderTextures/DummySpriteTexture.uasset" 457
"../../../Engine/Plugins/2D/Paper2D/Content/PlaceholderTextures/DummySpriteTexture.uexp" 458
"../../../Engine/Plugins/2D/Paper2D/Content/PlaceholderTextures/DummySpriteTexture.ubulk" 459
"../../../Engine/Plugins/2D/Paper2D/Content/DummySprite.uasset" 460
"../../../Engine/Plugins/2D/Paper2D/Content/DummySprite.uexp" 461
"../../../Engine/Plugins/2D/Paper2D/Content/DefaultPaperTerrainMaterial.uasset" 462
"../../../Engine/Plugins/2D/Paper2D/Content/DefaultPaperTerrainMaterial.uexp" 463
"../../../Engine/Plugins/2D/Paper2D/Content/DefaultSpriteMaterial.uasset" 464
"../../../Engine/Plugins/2D/Paper2D/Content/DefaultSpriteMaterial.uexp" 465
"../../../Engine/Plugins/2D/Paper2D/Content/MaskedUnlitSpriteMaterial.uasset" 466
"../../../Engine/Plugins/2D/Paper2D/Content/MaskedUnlitSpriteMaterial.uexp" 467
"../../../Engine/Plugins/2D/Paper2D/Content/OpaqueUnlitSpriteMaterial.uasset" 468
"../../../Engine/Plugins/2D/Paper2D/Content/OpaqueUnlitSpriteMaterial.uexp" 469
"../../../Engine/Content/Functions/Engine_MaterialFunctions02/Utility/BreakOutFloat3Components.uasset" 470
"../../../Engine/Content/Functions/Engine_MaterialFunctions02/Utility/BreakOutFloat3Components.uexp" 471
"../../../Engine/Content/Functions/Engine_MaterialFunctions02/Utility/VectorLength.uasset" 472
"../../../Engine/Content/Functions/Engine_MaterialFunctions02/Utility/VectorLength.uexp" 473
"../../../Engine/Content/Functions/Engine_MaterialFunctions02/WorldPositionOffset/ObjectScale.uasset" 474
"../../../Engine/Content/Functions/Engine_MaterialFunctions02/WorldPositionOffset/ObjectScale.uexp" 475
"../../../Engine/Content/Functions/Engine_MaterialFunctions02/ObjectLocalBounds.uasset" 476
"../../../Engine/Content/Functions/Engine_MaterialFunctions02/ObjectLocalBounds.uexp" 477
"../../../Engine/Plugins/Editor/SpeedTreeImporter/Content/SpeedTree9/UnpackInteger3.uasset" 478
"../../../Engine/Plugins/Editor/SpeedTreeImporter/Content/SpeedTree9/UnpackInteger3.uexp" 479
"../../../Engine/Plugins/Editor/SpeedTreeImporter/Content/SpeedTree9/UnpackDirection.uasset" 480
"../../../Engine/Plugins/Editor/SpeedTreeImporter/Content/SpeedTree9/UnpackDirection.uexp" 481
"../../../Engine/Plugins/Editor/SpeedTreeImporter/Content/SpeedTree9/game_wind_noise.uasset" 482
"../../../Engine/Plugins/Editor/SpeedTreeImporter/Content/SpeedTree9/game_wind_noise.uexp" 483
"../../../Engine/Plugins/Editor/SpeedTreeImporter/Content/SpeedTree9/game_wind_noise.ubulk" 484
"../../../Engine/Content/Functions/Engine_MaterialFunctions02/SafeNormalize.uasset" 485
"../../../Engine/Content/Functions/Engine_MaterialFunctions02/SafeNormalize.uexp" 486
"../../../Engine/Plugins/Editor/SpeedTreeImporter/Content/SpeedTree9/SpeedTreeWindMotion.uasset" 487
"../../../Engine/Plugins/Editor/SpeedTreeImporter/Content/SpeedTree9/SpeedTreeWindMotion.uexp" 488
"../../../Engine/Plugins/Editor/SpeedTreeImporter/Content/SpeedTree9/SpeedTreeBranchMotion.uasset" 489
"../../../Engine/Plugins/Editor/SpeedTreeImporter/Content/SpeedTree9/SpeedTreeBranchMotion.uexp" 490
"../../../Engine/Content/Functions/Engine_MaterialFunctions02/UVs/BoundingBoxBased_0-1_UVW.uasset" 491
"../../../Engine/Content/Functions/Engine_MaterialFunctions02/UVs/BoundingBoxBased_0-1_UVW.uexp" 492
"../../../Engine/Plugins/Editor/SpeedTreeImporter/Content/SpeedTree9/SpeedTreeWind.uasset" 493
"../../../Engine/Plugins/Editor/SpeedTreeImporter/Content/SpeedTree9/SpeedTreeWind.uexp" 494
"../../../Engine/Plugins/Editor/SpeedTreeImporter/Content/SpeedTree9/SpeedTreeBillboard.uasset" 495
"../../../Engine/Plugins/Editor/SpeedTreeImporter/Content/SpeedTree9/SpeedTreeBillboard.uexp" 496
"../../../Engine/Plugins/Editor/SpeedTreeImporter/Content/SpeedTree9/EmptyNormal.uasset" 497
"../../../Engine/Plugins/Editor/SpeedTreeImporter/Content/SpeedTree9/EmptyNormal.uexp" 498
"../../../Engine/Plugins/Editor/SpeedTreeImporter/Content/SpeedTree9/Empty.uasset" 499
"../../../Engine/Plugins/Editor/SpeedTreeImporter/Content/SpeedTree9/Empty.uexp" 500
"../../../Engine/Plugins/Editor/SpeedTreeImporter/Content/SpeedTree9/SpeedTreeBillboardMaster.uasset" 501
"../../../Engine/Plugins/Editor/SpeedTreeImporter/Content/SpeedTree9/SpeedTreeBillboardMaster.uexp" 502
"../../../Engine/Plugins/Editor/SpeedTreeImporter/Content/SpeedTree9/SpeedTreeCameraFacing.uasset" 503
"../../../Engine/Plugins/Editor/SpeedTreeImporter/Content/SpeedTree9/SpeedTreeCameraFacing.uexp" 504
"../../../Engine/Plugins/Editor/SpeedTreeImporter/Content/SpeedTree9/SpeedTreeMaster.uasset" 505
"../../../Engine/Plugins/Editor/SpeedTreeImporter/Content/SpeedTree9/SpeedTreeMaster.uexp" 506
"../../../Engine/Content/ArtTools/RenderToTexture/Materials/Debug/M_Emissive_Color.uasset" 507
"../../../Engine/Content/ArtTools/RenderToTexture/Materials/Debug/M_Emissive_Color.uexp" 508
"../../../Engine/Content/BasicShapes/Cylinder.uasset" 509
"../../../Engine/Content/BasicShapes/Cylinder.uexp" 510
"../../../Engine/Plugins/Lumin/MagicLeapPassableWorld/Content/MagicLeapARPinInfoActor.uasset" 511
"../../../Engine/Plugins/Lumin/MagicLeapPassableWorld/Content/MagicLeapARPinInfoActor.uexp" 512
"../../../Engine/Plugins/Runtime/OpenXR/Content/Devices/GoogleDaydream/MRTexture.uasset" 513
"../../../Engine/Plugins/Runtime/OpenXR/Content/Devices/GoogleDaydream/MRTexture.uexp" 514
"../../../Engine/Plugins/Runtime/OpenXR/Content/Devices/GoogleDaydream/MRTexture.ubulk" 515
"../../../Engine/Plugins/Runtime/OpenXR/Content/Devices/GoogleDaydream/BaseTexture.uasset" 516
"../../../Engine/Plugins/Runtime/OpenXR/Content/Devices/GoogleDaydream/BaseTexture.uexp" 517
"../../../Engine/Plugins/Runtime/OpenXR/Content/Devices/GoogleDaydream/BaseTexture.ubulk" 518
"../../../Engine/Content/EngineResources/Black.uasset" 519
"../../../Engine/Content/EngineResources/Black.uexp" 520
"../../../Engine/Plugins/Runtime/OpenXR/Content/Devices/M_XRController.uasset" 521
"../../../Engine/Plugins/Runtime/OpenXR/Content/Devices/M_XRController.uexp" 522
"../../../Engine/Plugins/Runtime/OpenXR/Content/Devices/GoogleDaydream/MI_GoogleDaydream.uasset" 523
"../../../Engine/Plugins/Runtime/OpenXR/Content/Devices/GoogleDaydream/MI_GoogleDaydream.uexp" 524
"../../../Engine/Plugins/Runtime/OpenXR/Content/Devices/GoogleDaydream/GoogleDaydreamController.uasset" 525
"../../../Engine/Plugins/Runtime/OpenXR/Content/Devices/GoogleDaydream/GoogleDaydreamController.uexp" 526
"../../../Engine/Plugins/Runtime/OpenXR/Content/Devices/HTCVive/BaseTexture.uasset" 527
"../../../Engine/Plugins/Runtime/OpenXR/Content/Devices/HTCVive/BaseTexture.uexp" 528
"../../../Engine/Plugins/Runtime/OpenXR/Content/Devices/HTCVive/BaseTexture.ubulk" 529
"../../../Engine/Plugins/Runtime/OpenXR/Content/Devices/HTCVive/MI_HTCVive.uasset" 530
"../../../Engine/Plugins/Runtime/OpenXR/Content/Devices/HTCVive/MI_HTCVive.uexp" 531
"../../../Engine/Plugins/Runtime/OpenXR/Content/Devices/HTCVive/HTCViveController.uasset" 532
"../../../Engine/Plugins/Runtime/OpenXR/Content/Devices/HTCVive/HTCViveController.uexp" 533
"../../../Engine/Plugins/Runtime/OpenXR/Content/Devices/MicrosoftMixedReality/NormalTexture.uasset" 534
"../../../Engine/Plugins/Runtime/OpenXR/Content/Devices/MicrosoftMixedReality/NormalTexture.uexp" 535
"../../../Engine/Plugins/Runtime/OpenXR/Content/Devices/MicrosoftMixedReality/NormalTexture.ubulk" 536
"../../../Engine/Plugins/Runtime/OpenXR/Content/Devices/MicrosoftMixedReality/MRTexture.uasset" 537
"../../../Engine/Plugins/Runtime/OpenXR/Content/Devices/MicrosoftMixedReality/MRTexture.uexp" 538
"../../../Engine/Plugins/Runtime/OpenXR/Content/Devices/MicrosoftMixedReality/MRTexture.ubulk" 539
"../../../Engine/Plugins/Runtime/OpenXR/Content/Devices/MicrosoftMixedReality/EmissiveTexture.uasset" 540
"../../../Engine/Plugins/Runtime/OpenXR/Content/Devices/MicrosoftMixedReality/EmissiveTexture.uexp" 541
"../../../Engine/Plugins/Runtime/OpenXR/Content/Devices/MicrosoftMixedReality/EmissiveTexture.ubulk" 542
"../../../Engine/Plugins/Runtime/OpenXR/Content/Devices/MicrosoftMixedReality/BaseTexture.uasset" 543
"../../../Engine/Plugins/Runtime/OpenXR/Content/Devices/MicrosoftMixedReality/BaseTexture.uexp" 544
"../../../Engine/Plugins/Runtime/OpenXR/Content/Devices/MicrosoftMixedReality/BaseTexture.ubulk" 545
"../../../Engine/Plugins/Runtime/OpenXR/Content/Devices/MicrosoftMixedReality/MI_MicrosoftMixedReality.uasset" 546
"../../../Engine/Plugins/Runtime/OpenXR/Content/Devices/MicrosoftMixedReality/MI_MicrosoftMixedReality.uexp" 547
"../../../Engine/Plugins/Runtime/OpenXR/Content/Devices/MicrosoftMixedReality/Left/left_MicrosoftMixedRealityController.uasset" 548
"../../../Engine/Plugins/Runtime/OpenXR/Content/Devices/MicrosoftMixedReality/Left/left_MicrosoftMixedRealityController.uexp" 549
"../../../Engine/Plugins/Runtime/OpenXR/Content/Devices/MicrosoftMixedReality/Right/right_MicrosoftMixedRealityController.uasset" 550
"../../../Engine/Plugins/Runtime/OpenXR/Content/Devices/MicrosoftMixedReality/Right/right_MicrosoftMixedRealityController.uexp" 551
"../../../Engine/Plugins/Runtime/OpenXR/Content/Devices/OculusGo/BaseTexture.uasset" 552
"../../../Engine/Plugins/Runtime/OpenXR/Content/Devices/OculusGo/BaseTexture.uexp" 553
"../../../Engine/Plugins/Runtime/OpenXR/Content/Devices/OculusGo/BaseTexture.ubulk" 554
"../../../Engine/Plugins/Runtime/OpenXR/Content/Devices/OculusGo/MI_OculusGo.uasset" 555
"../../../Engine/Plugins/Runtime/OpenXR/Content/Devices/OculusGo/MI_OculusGo.uexp" 556
"../../../Engine/Plugins/Runtime/OpenXR/Content/Devices/OculusGo/OculusGoController.uasset" 557
"../../../Engine/Plugins/Runtime/OpenXR/Content/Devices/OculusGo/OculusGoController.uexp" 558
"../../../Engine/Plugins/Runtime/OpenXR/Content/Devices/OculusTouch/MRTexture.uasset" 559
"../../../Engine/Plugins/Runtime/OpenXR/Content/Devices/OculusTouch/MRTexture.uexp" 560
"../../../Engine/Plugins/Runtime/OpenXR/Content/Devices/OculusTouch/MRTexture.ubulk" 561
"../../../Engine/Plugins/Runtime/OpenXR/Content/Devices/OculusTouch/BaseTexture.uasset" 562
"../../../Engine/Plugins/Runtime/OpenXR/Content/Devices/OculusTouch/BaseTexture.uexp" 563
"../../../Engine/Plugins/Runtime/OpenXR/Content/Devices/OculusTouch/BaseTexture.ubulk" 564
"../../../Engine/Plugins/Runtime/OpenXR/Content/Devices/OculusTouch/MI_OculusTouch.uasset" 565
"../../../Engine/Plugins/Runtime/OpenXR/Content/Devices/OculusTouch/MI_OculusTouch.uexp" 566
"../../../Engine/Plugins/Runtime/OpenXR/Content/Devices/OculusTouch/Left/left_OculusTouchController.uasset" 567
"../../../Engine/Plugins/Runtime/OpenXR/Content/Devices/OculusTouch/Left/left_OculusTouchController.uexp" 568
"../../../Engine/Plugins/Runtime/OpenXR/Content/Devices/OculusTouch/Right/right_OculusTouchController.uasset" 569
"../../../Engine/Plugins/Runtime/OpenXR/Content/Devices/OculusTouch/Right/right_OculusTouchController.uexp" 570
"../../../Engine/Plugins/Runtime/OpenXR/Content/Devices/OculusTouch_v2/MRTexture.uasset" 571
"../../../Engine/Plugins/Runtime/OpenXR/Content/Devices/OculusTouch_v2/MRTexture.uexp" 572
"../../../Engine/Plugins/Runtime/OpenXR/Content/Devices/OculusTouch_v2/MRTexture.ubulk" 573
"../../../Engine/Plugins/Runtime/OpenXR/Content/Devices/OculusTouch_v2/BaseTexture.uasset" 574
"../../../Engine/Plugins/Runtime/OpenXR/Content/Devices/OculusTouch_v2/BaseTexture.uexp" 575
"../../../Engine/Plugins/Runtime/OpenXR/Content/Devices/OculusTouch_v2/BaseTexture.ubulk" 576
"../../../Engine/Plugins/Runtime/OpenXR/Content/Devices/OculusTouch_v2/MI_OculusTouch_v2.uasset" 577
"../../../Engine/Plugins/Runtime/OpenXR/Content/Devices/OculusTouch_v2/MI_OculusTouch_v2.uexp" 578
"../../../Engine/Plugins/Runtime/OpenXR/Content/Devices/OculusTouch_v2/Left/left_OculusTouch_v2Controller.uasset" 579
"../../../Engine/Plugins/Runtime/OpenXR/Content/Devices/OculusTouch_v2/Left/left_OculusTouch_v2Controller.uexp" 580
"../../../Engine/Plugins/Runtime/OpenXR/Content/Devices/OculusTouch_v2/Right/right_OculusTouch_v2Controller.uasset" 581
"../../../Engine/Plugins/Runtime/OpenXR/Content/Devices/OculusTouch_v2/Right/right_OculusTouch_v2Controller.uexp" 582
"../../../Engine/Plugins/Runtime/OpenXR/Content/Devices/OculusTouch_v3/MRTexture.uasset" 583
"../../../Engine/Plugins/Runtime/OpenXR/Content/Devices/OculusTouch_v3/MRTexture.uexp" 584
"../../../Engine/Plugins/Runtime/OpenXR/Content/Devices/OculusTouch_v3/MRTexture.ubulk" 585
"../../../Engine/Plugins/Runtime/OpenXR/Content/Devices/OculusTouch_v3/BaseTexture.uasset" 586
"../../../Engine/Plugins/Runtime/OpenXR/Content/Devices/OculusTouch_v3/BaseTexture.uexp" 587
"../../../Engine/Plugins/Runtime/OpenXR/Content/Devices/OculusTouch_v3/BaseTexture.ubulk" 588
"../../../Engine/Plugins/Runtime/OpenXR/Content/Devices/OculusTouch_v3/MI_OculusTouch_v3.uasset" 589
"../../../Engine/Plugins/Runtime/OpenXR/Content/Devices/OculusTouch_v3/MI_OculusTouch_v3.uexp" 590
"../../../Engine/Plugins/Runtime/OpenXR/Content/Devices/OculusTouch_v3/Left/left_OculusTouch_v3Controller.uasset" 591
"../../../Engine/Plugins/Runtime/OpenXR/Content/Devices/OculusTouch_v3/Left/left_OculusTouch_v3Controller.uexp" 592
"../../../Engine/Plugins/Runtime/OpenXR/Content/Devices/OculusTouch_v3/Right/right_OculusTouch_v3Controller.uasset" 593
"../../../Engine/Plugins/Runtime/OpenXR/Content/Devices/OculusTouch_v3/Right/right_OculusTouch_v3Controller.uexp" 594
"../../../Engine/Plugins/Runtime/OpenXR/Content/Devices/ValveIndex/MRTexture.uasset" 595
"../../../Engine/Plugins/Runtime/OpenXR/Content/Devices/ValveIndex/MRTexture.uexp" 596
"../../../Engine/Plugins/Runtime/OpenXR/Content/Devices/ValveIndex/MRTexture.ubulk" 597
"../../../Engine/Plugins/Runtime/OpenXR/Content/Devices/ValveIndex/BaseTexture.uasset" 598
"../../../Engine/Plugins/Runtime/OpenXR/Content/Devices/ValveIndex/BaseTexture.uexp" 599
"../../../Engine/Plugins/Runtime/OpenXR/Content/Devices/ValveIndex/BaseTexture.ubulk" 600
"../../../Engine/Plugins/Runtime/OpenXR/Content/Devices/ValveIndex/Left/MI_left_ValveIndex.uasset" 601
"../../../Engine/Plugins/Runtime/OpenXR/Content/Devices/ValveIndex/Left/MI_left_ValveIndex.uexp" 602
"../../../Engine/Plugins/Runtime/OpenXR/Content/Devices/ValveIndex/Left/left_ValveIndexController.uasset" 603
"../../../Engine/Plugins/Runtime/OpenXR/Content/Devices/ValveIndex/Left/left_ValveIndexController.uexp" 604
"../../../Engine/Plugins/Runtime/OpenXR/Content/Devices/ValveIndex/Right/MI_right_ValveIndex.uasset" 605
"../../../Engine/Plugins/Runtime/OpenXR/Content/Devices/ValveIndex/Right/MI_right_ValveIndex.uexp" 606
"../../../Engine/Plugins/Runtime/OpenXR/Content/Devices/ValveIndex/Right/right_ValveIndexController.uasset" 607
"../../../Engine/Plugins/Runtime/OpenXR/Content/Devices/ValveIndex/Right/right_ValveIndexController.uexp" 608
"../../../Engine/Content/Functions/Engine_MaterialFunctions02/Utility/BreakOutFloat4Components.uasset" 609
"../../../Engine/Content/Functions/Engine_MaterialFunctions02/Utility/BreakOutFloat4Components.uexp" 610
"../../../Engine/Content/Functions/Engine_MaterialFunctions02/Utility/MakeFloat3.uasset" 611
"../../../Engine/Content/Functions/Engine_MaterialFunctions02/Utility/MakeFloat3.uexp" 612
"../../../Engine/Plugins/Runtime/Oculus/OculusVR/Content/Materials/OculusMR_ChromaKey.uasset" 613
"../../../Engine/Plugins/Runtime/Oculus/OculusVR/Content/Materials/OculusMR_ChromaKey.uexp" 614
"../../../Engine/Plugins/Runtime/Oculus/OculusVR/Content/Materials/OculusMR_OpaqueColoredMaterial.uasset" 615
"../../../Engine/Plugins/Runtime/Oculus/OculusVR/Content/Materials/OculusMR_OpaqueColoredMaterial.uexp" 616
"../../../Engine/Plugins/Runtime/Oculus/OculusVR/Content/Materials/PokeAHoleMaterial.uasset" 617
"../../../Engine/Plugins/Runtime/Oculus/OculusVR/Content/Materials/PokeAHoleMaterial.uexp" 618
"../../../Engine/Plugins/Runtime/Oculus/OculusVR/Content/Textures/touchController_controlmap.uasset" 619
"../../../Engine/Plugins/Runtime/Oculus/OculusVR/Content/Textures/touchController_controlmap.uexp" 620
"../../../Engine/Plugins/Runtime/Oculus/OculusVR/Content/Textures/touchController_controlmap.ubulk" 621
"../../../Engine/Plugins/Runtime/Oculus/OculusVR/Content/Textures/touchController_albedo.uasset" 622
"../../../Engine/Plugins/Runtime/Oculus/OculusVR/Content/Textures/touchController_albedo.uexp" 623
"../../../Engine/Plugins/Runtime/Oculus/OculusVR/Content/Textures/touchController_albedo.ubulk" 624
"../../../Engine/Plugins/Runtime/Oculus/OculusVR/Content/Materials/touchController_mat.uasset" 625
"../../../Engine/Plugins/Runtime/Oculus/OculusVR/Content/Materials/touchController_mat.uexp" 626
"../../../Engine/Plugins/Runtime/Oculus/OculusVR/Content/Meshes/LeftTouchController.uasset" 627
"../../../Engine/Plugins/Runtime/Oculus/OculusVR/Content/Meshes/LeftTouchController.uexp" 628
"../../../Engine/Plugins/Runtime/Oculus/OculusVR/Content/Textures/TouchForQuestRiftSController_albedo.uasset" 629
"../../../Engine/Plugins/Runtime/Oculus/OculusVR/Content/Textures/TouchForQuestRiftSController_albedo.uexp" 630
"../../../Engine/Plugins/Runtime/Oculus/OculusVR/Content/Textures/TouchForQuestRiftSController_albedo.ubulk" 631
"../../../Engine/Plugins/Runtime/Oculus/OculusVR/Content/Materials/TouchForQuestRiftSControllerMaterial.uasset" 632
"../../../Engine/Plugins/Runtime/Oculus/OculusVR/Content/Materials/TouchForQuestRiftSControllerMaterial.uexp" 633
"../../../Engine/Plugins/Runtime/Oculus/OculusVR/Content/Meshes/LeftTouchForQuestRiftSController.uasset" 634
"../../../Engine/Plugins/Runtime/Oculus/OculusVR/Content/Meshes/LeftTouchForQuestRiftSController.uexp" 635
"../../../Engine/Plugins/Runtime/Oculus/OculusVR/Content/Meshes/RiftHMD.uasset" 636
"../../../Engine/Plugins/Runtime/Oculus/OculusVR/Content/Meshes/RiftHMD.uexp" 637
"../../../Engine/Plugins/Runtime/Oculus/OculusVR/Content/Meshes/RightTouchController.uasset" 638
"../../../Engine/Plugins/Runtime/Oculus/OculusVR/Content/Meshes/RightTouchController.uexp" 639
"../../../Engine/Plugins/Runtime/Oculus/OculusVR/Content/Meshes/RightTouchForQuestRiftSController.uasset" 640
"../../../Engine/Plugins/Runtime/Oculus/OculusVR/Content/Meshes/RightTouchForQuestRiftSController.uexp" 641
"../../../Engine/Content/EditorBlueprintResources/StandardMacros.uasset" 642
"../../../Engine/Content/EditorBlueprintResources/StandardMacros.uexp" 643
"../../../Engine/Content/EngineSky/T_Sky_Blue.uasset" 644
"../../../Engine/Content/EngineSky/T_Sky_Blue.uexp" 645
"../../../Engine/Content/EngineSky/T_Sky_Blue.ubulk" 646
"../../../Engine/Content/EngineSky/T_Sky_Clouds_M.uasset" 647
"../../../Engine/Content/EngineSky/T_Sky_Clouds_M.uexp" 648
"../../../Engine/Content/EngineSky/T_Sky_Clouds_M.ubulk" 649
"../../../Engine/Content/EngineSky/T_Sky_Stars.uasset" 650
"../../../Engine/Content/EngineSky/T_Sky_Stars.uexp" 651
"../../../Engine/Content/EngineSky/T_Sky_Stars.ubulk" 652
"../../../Engine/Content/EngineSky/M_Sky_Panning_Clouds2.uasset" 653
"../../../Engine/Content/EngineSky/M_Sky_Panning_Clouds2.uexp" 654
"../../../Engine/Content/EngineSky/SM_SkySphere.uasset" 655
"../../../Engine/Content/EngineSky/SM_SkySphere.uexp" 656
"../../../Engine/Content/EngineSky/C_Sky_Zenith_Color.uasset" 657
"../../../Engine/Content/EngineSky/C_Sky_Zenith_Color.uexp" 658
"../../../Engine/Content/EngineSky/C_Sky_Horizon_Color.uasset" 659
"../../../Engine/Content/EngineSky/C_Sky_Horizon_Color.uexp" 660
"../../../Engine/Content/EngineSky/C_Sky_Cloud_Color.uasset" 661
"../../../Engine/Content/EngineSky/C_Sky_Cloud_Color.uexp" 662
"../../../Engine/Content/EngineSky/BP_Sky_Sphere.uasset" 663
"../../../Engine/Content/EngineSky/BP_Sky_Sphere.uexp" 664
"../../../Engine/Content/BasicShapes/BasicShapeMaterial.uasset" 665
"../../../Engine/Content/BasicShapes/BasicShapeMaterial.uexp" 666
"../../../Engine/Content/BasicShapes/Cube.uasset" 667
"../../../Engine/Content/BasicShapes/Cube.uexp" 668
"../../../Engine/Content/MapTemplates/SM_Template_Map_Floor.uasset" 669
"../../../Engine/Content/MapTemplates/SM_Template_Map_Floor.uexp" 670
"C:/Users/5fregl82/OneDrive - Solent University/Desktop/CherryTreeGames/Content/group1/world1.uexp" 671
"C:/Users/5fregl82/OneDrive - Solent University/Desktop/CherryTreeGames/Content/group1/world1.umap" 672
"C:/Users/5fregl82/OneDrive - Solent University/Desktop/CherryTreeGames/Content/group2/Props/P_Anubis_v01_E.uasset" 673
"C:/Users/5fregl82/OneDrive - Solent University/Desktop/CherryTreeGames/Content/group2/Props/P_Anubis_v01_E.uexp" 674
"C:/Users/5fregl82/OneDrive - Solent University/Desktop/CherryTreeGames/Content/group2/Props/anubisearslowpoly_main_OcclusionRoughnessMetallic.uasset" 675
"C:/Users/5fregl82/OneDrive - Solent University/Desktop/CherryTreeGames/Content/group2/Props/anubisearslowpoly_main_OcclusionRoughnessMetallic.uexp" 676
"C:/Users/5fregl82/OneDrive - Solent University/Desktop/CherryTreeGames/Content/group2/Props/anubisearslowpoly_main_OcclusionRoughnessMetallic.ubulk" 677
"C:/Users/5fregl82/OneDrive - Solent University/Desktop/CherryTreeGames/Content/group2/Props/anubisearslowpoly_main_Normal.uasset" 678
"C:/Users/5fregl82/OneDrive - Solent University/Desktop/CherryTreeGames/Content/group2/Props/anubisearslowpoly_main_Normal.uexp" 679
"C:/Users/5fregl82/OneDrive - Solent University/Desktop/CherryTreeGames/Content/group2/Props/anubisearslowpoly_main_Normal.ubulk" 680
"C:/Users/5fregl82/OneDrive - Solent University/Desktop/CherryTreeGames/Content/group2/Props/anubisearslowpoly_main_BaseColor.uasset" 681
"C:/Users/5fregl82/OneDrive - Solent University/Desktop/CherryTreeGames/Content/group2/Props/anubisearslowpoly_main_BaseColor.uexp" 682
"C:/Users/5fregl82/OneDrive - Solent University/Desktop/CherryTreeGames/Content/group2/Props/anubisearslowpoly_main_BaseColor.ubulk" 683
"C:/Users/5fregl82/OneDrive - Solent University/Desktop/CherryTreeGames/Content/group2/Props/anubis.uasset" 684
"C:/Users/5fregl82/OneDrive - Solent University/Desktop/CherryTreeGames/Content/group2/Props/anubis.uexp" 685
"C:/Users/5fregl82/OneDrive - Solent University/Desktop/CherryTreeGames/Content/group2/world2.uexp" 686
"C:/Users/5fregl82/OneDrive - Solent University/Desktop/CherryTreeGames/Content/group2/world2.umap" 687
"C:/Users/5fregl82/OneDrive - Solent University/Desktop/CherryTreeGames/Content/group3/Ceiling.uexp" 688
"C:/Users/5fregl82/OneDrive - Solent University/Desktop/CherryTreeGames/Content/group3/Ceiling.umap" 689
"../../../Engine/Content/EngineDebugMaterials/VertexColorViewMode_BlueOnly.uasset" 690
"../../../Engine/Content/EngineDebugMaterials/VertexColorViewMode_BlueOnly.uexp" 691
"C:/Users/5fregl82/OneDrive - Solent University/Desktop/CherryTreeGames/Content/group3/Chemistry.uexp" 692
"C:/Users/5fregl82/OneDrive - Solent University/Desktop/CherryTreeGames/Content/group3/Chemistry.umap" 693
"C:/Users/5fregl82/OneDrive - Solent University/Desktop/CherryTreeGames/Content/group3/Geology.uexp" 694
"C:/Users/5fregl82/OneDrive - Solent University/Desktop/CherryTreeGames/Content/group3/Geology.umap" 695
"C:/Users/5fregl82/OneDrive - Solent University/Desktop/CherryTreeGames/Content/group3/Paleontology.uexp" 696
"C:/Users/5fregl82/OneDrive - Solent University/Desktop/CherryTreeGames/Content/group3/Paleontology.umap" 697
"C:/Users/5fregl82/OneDrive - Solent University/Desktop/CherryTreeGames/Content/group3/_GENERATED/susse/Boolean_F0E98179.uasset" 698
"C:/Users/5fregl82/OneDrive - Solent University/Desktop/CherryTreeGames/Content/group3/_GENERATED/susse/Boolean_F0E98179.uexp" 699
"C:/Users/5fregl82/OneDrive - Solent University/Desktop/CherryTreeGames/Content/group3/_GENERATED/susse/Boolean_AA130793.uasset" 700
"C:/Users/5fregl82/OneDrive - Solent University/Desktop/CherryTreeGames/Content/group3/_GENERATED/susse/Boolean_AA130793.uexp" 701
"C:/Users/5fregl82/OneDrive - Solent University/Desktop/CherryTreeGames/Content/group3/_GENERATED/susse/Boolean_565E918E.uasset" 702
"C:/Users/5fregl82/OneDrive - Solent University/Desktop/CherryTreeGames/Content/group3/_GENERATED/susse/Boolean_565E918E.uexp" 703
"C:/Users/5fregl82/OneDrive - Solent University/Desktop/CherryTreeGames/Content/group3/_GENERATED/susse/Boolean_02713BFA.uasset" 704
"C:/Users/5fregl82/OneDrive - Solent University/Desktop/CherryTreeGames/Content/group3/_GENERATED/susse/Boolean_02713BFA.uexp" 705
"C:/Users/5fregl82/OneDrive - Solent University/Desktop/CherryTreeGames/Content/group3/Scence_Floor.uexp" 706
"C:/Users/5fregl82/OneDrive - Solent University/Desktop/CherryTreeGames/Content/group3/Scence_Floor.umap" 707
"../../../Engine/Content/BasicShapes/Sphere.uasset" 708
"../../../Engine/Content/BasicShapes/Sphere.uexp" 709
"../../../Engine/Content/BasicShapes/Cone.uasset" 710
"../../../Engine/Content/BasicShapes/Cone.uexp" 711
"C:/Users/5fregl82/OneDrive - Solent University/Desktop/CherryTreeGames/Content/group3/Space.uexp" 712
"C:/Users/5fregl82/OneDrive - Solent University/Desktop/CherryTreeGames/Content/group3/Space.umap" 713
"../../../Engine/Content/Maps/Entry_BuiltData.uasset" 714
"../../../Engine/Content/Maps/Entry_BuiltData.uexp" 715
"../../../Engine/Content/Maps/Entry.uexp" 716
"../../../Engine/Content/Maps/Entry.umap" 717
